This is pdfTeX, Version 3.1415926-1.40.10 (TeX Live 2009/Debian) (format=pdflatex 2013.9.10)  9 JUN 2014 17:36
entering extended mode
 %&-line parsing enabled.
**finalreport.tex
(./finalreport.tex
LaTeX2e <2009/09/24>
Babel <v3.8l> and hyphenation patterns for english, usenglishmax, dumylang, noh
yphenation, loaded.
(/usr/share/texmf-texlive/tex/latex/base/article.cls
Document Class: article 2007/10/19 v1.4h Standard LaTeX document class
(/usr/share/texmf-texlive/tex/latex/base/size11.clo
File: size11.clo 2007/10/19 v1.4h Standard LaTeX file (size option)
)
\c@part=\count79
\c@section=\count80
\c@subsection=\count81
\c@subsubsection=\count82
\c@paragraph=\count83
\c@subparagraph=\count84
\c@figure=\count85
\c@table=\count86
\abovecaptionskip=\skip41
\belowcaptionskip=\skip42
\bibindent=\dimen102
)
(/usr/share/texmf-texlive/tex/latex/base/fontenc.sty
Package: fontenc 2005/09/27 v1.99g Standard LaTeX package

(/usr/share/texmf-texlive/tex/latex/base/t1enc.def
File: t1enc.def 2005/09/27 v1.99g Standard LaTeX file
LaTeX Font Info:    Redeclaring font encoding T1 on input line 43.
))
(/usr/share/texmf-texlive/tex/generic/babel/babel.sty
Package: babel 2008/07/06 v3.8l The Babel package

(/usr/share/texmf-texlive/tex/generic/babel/english.ldf
Language: english 2005/03/30 v3.3o English support from the babel system

(/usr/share/texmf-texlive/tex/generic/babel/babel.def
File: babel.def 2008/07/06 v3.8l Babel common definitions
\babel@savecnt=\count87
\U@D=\dimen103
)
\l@british = a dialect from \language\l@english 
\l@UKenglish = a dialect from \language\l@english 
\l@canadian = a dialect from \language\l@american 
\l@australian = a dialect from \language\l@british 
\l@newzealand = a dialect from \language\l@british 
))
(/usr/share/texmf-texlive/tex/latex/preprint/fullpage.sty
Package: fullpage 1999/02/23 1.1 (PWD)
\FP@margin=\skip43
)
(/usr/share/texmf-texlive/tex/latex/graphics/graphicx.sty
Package: graphicx 1999/02/16 v1.0f Enhanced LaTeX Graphics (DPC,SPQR)

(/usr/share/texmf-texlive/tex/latex/graphics/keyval.sty
Package: keyval 1999/03/16 v1.13 key=value parser (DPC)
\KV@toks@=\toks14
)
(/usr/share/texmf-texlive/tex/latex/graphics/graphics.sty
Package: graphics 2009/02/05 v1.0o Standard LaTeX Graphics (DPC,SPQR)

(/usr/share/texmf-texlive/tex/latex/graphics/trig.sty
Package: trig 1999/03/16 v1.09 sin cos tan (DPC)
)
(/etc/texmf/tex/latex/config/graphics.cfg
File: graphics.cfg 2009/08/28 v1.8 graphics configuration of TeX Live
)
Package graphics Info: Driver file: pdftex.def on input line 91.

(/usr/share/texmf-texlive/tex/latex/pdftex-def/pdftex.def
File: pdftex.def 2010/03/12 v0.04p Graphics/color for pdfTeX
\Gread@gobject=\count88
))
\Gin@req@height=\dimen104
\Gin@req@width=\dimen105
)
(/usr/share/texmf-texlive/tex/latex/caption/caption.sty
Package: caption 2009/10/09 v3.1k Customizing captions (AR)

(/usr/share/texmf-texlive/tex/latex/caption/caption3.sty
Package: caption3 2009/10/09 v3.1k caption3 kernel (AR)
\captionmargin=\dimen106
\captionmargin@=\dimen107
\captionwidth=\dimen108
\caption@indent=\dimen109
\caption@parindent=\dimen110
\caption@hangindent=\dimen111
)
\c@ContinuedFloat=\count89
)
(/usr/share/texmf-texlive/tex/latex/caption/subcaption.sty
Package: subcaption 2008/08/31 v1.0b Adding subcaptions (AR)
\c@subfigure=\count90
\c@subtable=\count91
)
(/usr/share/texmf-texlive/tex/latex/amsfonts/amsfonts.sty
Package: amsfonts 2009/06/22 v3.00 Basic AMSFonts support
\@emptytoks=\toks15
\symAMSa=\mathgroup4
\symAMSb=\mathgroup5
LaTeX Font Info:    Overwriting math alphabet `\mathfrak' in version `bold'
(Font)                  U/euf/m/n --> U/euf/b/n on input line 96.
) (./finalreport.aux
(./mission.aux))
\openout1 = `finalreport.aux'.

LaTeX Font Info:    Checking defaults for OML/cmm/m/it on input line 13.
LaTeX Font Info:    ... okay on input line 13.
LaTeX Font Info:    Checking defaults for T1/cmr/m/n on input line 13.
LaTeX Font Info:    ... okay on input line 13.
LaTeX Font Info:    Checking defaults for OT1/cmr/m/n on input line 13.
LaTeX Font Info:    ... okay on input line 13.
LaTeX Font Info:    Checking defaults for OMS/cmsy/m/n on input line 13.
LaTeX Font Info:    ... okay on input line 13.
LaTeX Font Info:    Checking defaults for OMX/cmex/m/n on input line 13.
LaTeX Font Info:    ... okay on input line 13.
LaTeX Font Info:    Checking defaults for U/cmr/m/n on input line 13.
LaTeX Font Info:    ... okay on input line 13.
 (/usr/share/texmf-texlive/tex/context/base/supp-pdf.mkii
[Loading MPS to PDF converter (version 2006.09.02).]
\scratchcounter=\count92
\scratchdimen=\dimen112
\scratchbox=\box26
\nofMPsegments=\count93
\nofMParguments=\count94
\everyMPshowfont=\toks16
\MPscratchCnt=\count95
\MPscratchDim=\dimen113
\MPnumerator=\count96
\everyMPtoPDFconversion=\toks17
)
Package caption Info: Begin \AtBeginDocument code.
Package caption Info: End \AtBeginDocument code.
 <./skynet.png, id=1, 1838.87pt x 260.975pt>
File: ./skynet.png Graphic file (type png)
 <use ./skynet.png>
LaTeX Font Info:    Try loading font information for T1+cmtt on input line 33.

(/usr/share/texmf-texlive/tex/latex/base/t1cmtt.fd
File: t1cmtt.fd 1999/05/25 v2.5h Standard LaTeX font definitions
)
LaTeX Font Info:    Try loading font information for U+msa on input line 49.

(/usr/share/texmf-texlive/tex/latex/amsfonts/umsa.fd
File: umsa.fd 2009/06/22 v3.00 AMS symbols A
)
LaTeX Font Info:    Try loading font information for U+msb on input line 49.

(/usr/share/texmf-texlive/tex/latex/amsfonts/umsb.fd
File: umsb.fd 2009/06/22 v3.00 AMS symbols B
) [1

{/var/lib/texmf/fonts/map/pdftex/updmap/pdftex.map} <./skynet.png (PNG copy)>] 
(./finalreport.toc)
\tf@toc=\write3
\openout3 = `finalreport.toc'.


[1

] [2] [3

]
\openout2 = `mission.aux'.

 (./mission.tex
Overfull \hbox (5.35175pt too wide) in paragraph at lines 12--13
[]\T1/cmr/bx/n/10.95 Time com-po-nent\T1/cmr/m/n/10.95 : Pos-i-tive real, un-bo
unded above (save for phys-i-cal con-straints) and bounded
 []

[4

] <Figures/mission_phase1_a.png, id=36, 287.57437pt x 193.47281pt>
File: Figures/mission_phase1_a.png Graphic file (type png)

<use Figures/mission_phase1_a.png>
<Figures/mission_phase1_b.png, id=37, 263.48438pt x 185.19188pt>
File: Figures/mission_phase1_b.png Graphic file (type png)

<use Figures/mission_phase1_b.png> [5 <./Figures/mission_phase1_a.png (PNG copy
)> <./Figures/mission_phase1_b.png (PNG copy)>]
<Figures/mission_phase1_c.png, id=42, 310.91156pt x 298.86656pt>
File: Figures/mission_phase1_c.png Graphic file (type png)

<use Figures/mission_phase1_c.png>
LaTeX Font Info:    Try loading font information for OMS+cmr on input line 76.

(/usr/share/texmf-texlive/tex/latex/base/omscmr.fd
File: omscmr.fd 1999/05/25 v2.5h Standard LaTeX font definitions
)
LaTeX Font Info:    Font shape `OMS/cmr/m/n' in size <10.95> not available
(Font)              Font shape `OMS/cmsy/m/n' tried instead on input line 76.
 [6 <./Figures/mission_phase1_c.png (PNG copy)>]
<Figures/mission_phase2_a.png, id=47, 395.97937pt x 346.29375pt>
File: Figures/mission_phase2_a.png Graphic file (type png)

<use Figures/mission_phase2_a.png>
<Figures/mission_phase2_b.png, id=48, 328.97906pt x 277.78781pt>
File: Figures/mission_phase2_b.png Graphic file (type png)

<use Figures/mission_phase2_b.png>
<Figures/mission_phase2_c.png, id=49, 380.92313pt x 310.91156pt>
File: Figures/mission_phase2_c.png Graphic file (type png)

<use Figures/mission_phase2_c.png> [7] [8 <./Figures/mission_phase2_a.png (PNG 
copy)> <./Figures/mission_phase2_b.png (PNG copy)>] [9 <./Figures/mission_phase
2_c.png (PNG copy)>]
<Figures/mission_tpea_a.png, id=59, 182.93344pt x 177.66376pt>
File: Figures/mission_tpea_a.png Graphic file (type png)

<use Figures/mission_tpea_a.png>
<Figures/mission_tpea_b.png, id=60, 134.75343pt x 209.28188pt>
File: Figures/mission_tpea_b.png Graphic file (type png)

<use Figures/mission_tpea_b.png>
<Figures/mission_tpea_c.png, id=61, 217.5628pt x 229.60782pt>
File: Figures/mission_tpea_c.png Graphic file (type png)

<use Figures/mission_tpea_c.png>
<Figures/mission_tpea_d.png, id=62, 350.05782pt x 176.15813pt>
File: Figures/mission_tpea_d.png Graphic file (type png)

<use Figures/mission_tpea_d.png> [10 <./Figures/mission_tpea_a.png (PNG copy)>]
[11 <./Figures/mission_tpea_b.png (PNG copy)> <./Figures/mission_tpea_c.png (PN
G copy)>] <Figures/mission_stats_a.png, id=69, 441.14813pt x 366.61969pt>
File: Figures/mission_stats_a.png Graphic file (type png)

<use Figures/mission_stats_a.png>
<Figures/mission_stats_b.png, id=70, 445.665pt x 362.85562pt>
File: Figures/mission_stats_b.png Graphic file (type png)

<use Figures/mission_stats_b.png> [12 <./Figures/mission_tpea_d.png (PNG copy)>
] [13 <./Figures/mission_stats_a.png (PNG copy)> <./Figures/mission_stats_b.png
 (PNG copy)>]) [14]
<Figures/PS3/propmotor_v07p0.png, id=81, 1029.8475pt x 797.98125pt>
File: Figures/PS3/propmotor_v07p0.png Graphic file (type png)

<use Figures/PS3/propmotor_v07p0.png>
<Figures/PS3/propmotor_v12p0.png, id=82, 1041.8925pt x 785.93625pt>
File: Figures/PS3/propmotor_v12p0.png Graphic file (type png)

<use Figures/PS3/propmotor_v12p0.png> [15

]
<Figures/PS3/propmotor_opt.png, id=89, 1011.78pt x 783.92876pt>
File: Figures/PS3/propmotor_opt.png Graphic file (type png)

<use Figures/PS3/propmotor_opt.png>

LaTeX Warning: `!h' float specifier changed to `!ht'.

<Figures/PS3/Teff.png, id=90, 965.6075pt x 784.9325pt>
File: Figures/PS3/Teff.png Graphic file (type png)

<use Figures/PS3/Teff.png>
<Figures/PS3/Thrust.png, id=91, 979.66pt x 769.87625pt>
File: Figures/PS3/Thrust.png Graphic file (type png)

<use Figures/PS3/Thrust.png>

LaTeX Warning: `!h' float specifier changed to `!ht'.

[16 <./Figures/PS3/propmotor_v07p0.png (PNG copy)> <./Figures/PS3/propmotor_v12
p0.png (PNG copy)>]
<Figures/PS3/SkynetV3_XFLR_pic.png, id=96, 735.74875pt x 610.28pt>
File: Figures/PS3/SkynetV3_XFLR_pic.png Graphic file (type png)

<use Figures/PS3/SkynetV3_XFLR_pic.png>

LaTeX Warning: `!h' float specifier changed to `!ht'.

<Figures/PS3/CL_vs_alpha.png, id=98, 546.3612pt x 445.1832pt>
File: Figures/PS3/CL_vs_alpha.png Graphic file (type png)

<use Figures/PS3/CL_vs_alpha.png> [17 <./Figures/PS3/propmotor_opt.png (PNG cop
y)>]

LaTeX Warning: `!h' float specifier changed to `!ht'.

<Figures/PS3/CL_vs_CD.png, id=102, 546.843pt x 444.7014pt>
File: Figures/PS3/CL_vs_CD.png Graphic file (type png)

<use Figures/PS3/CL_vs_CD.png>

LaTeX Warning: `!h' float specifier changed to `!ht'.

<Figures/PS3/CL-CD_vs_V.png, id=103, 539.616pt x 444.7014pt>
File: Figures/PS3/CL-CD_vs_V.png Graphic file (type png)

<use Figures/PS3/CL-CD_vs_V.png>

LaTeX Warning: `!h' float specifier changed to `!ht'.

<Figures/PS3/Cm_vs_alpha.png, id=104, 556.9608pt x 440.3652pt>
File: Figures/PS3/Cm_vs_alpha.png Graphic file (type png)

<use Figures/PS3/Cm_vs_alpha.png>

LaTeX Warning: `!h' float specifier changed to `!ht'.

<Figures/PS3/power_consumption.png, id=105, 535.7616pt x 445.665pt>
File: Figures/PS3/power_consumption.png Graphic file (type png)

<use Figures/PS3/power_consumption.png>

LaTeX Warning: `!h' float specifier changed to `!ht'.

[18 <./Figures/PS3/Teff.png (PNG copy)> <./Figures/PS3/Thrust.png (PNG copy)> <
./Figures/PS3/SkynetV3_XFLR_pic.png>]

LaTeX Warning: Text page 19 contains only floats.

[19 <./Figures/PS3/CL_vs_alpha.png> <./Figures/PS3/CL_vs_CD.png>]

LaTeX Warning: Text page 20 contains only floats.

[20 <./Figures/PS3/CL-CD_vs_V.png> <./Figures/PS3/Cm_vs_alpha.png>]
<Figures/PS2/SkynetV1_eig.png, id=121, 549.4929pt x 444.2196pt>
File: Figures/PS2/SkynetV1_eig.png Graphic file (type png)

<use Figures/PS2/SkynetV1_eig.png>

LaTeX Warning: `!h' float specifier changed to `!ht'.

<Figures/PS2/SkynetV1_freq.png, id=122, 536.0025pt x 446.1468pt>
File: Figures/PS2/SkynetV1_freq.png Graphic file (type png)

<use Figures/PS2/SkynetV1_freq.png>

LaTeX Warning: `!h' float specifier changed to `!ht'.

<Figures/PS2/SkynetV1_damp.png, id=123, 565.3923pt x 454.0965pt>
File: Figures/PS2/SkynetV1_damp.png Graphic file (type png)

<use Figures/PS2/SkynetV1_damp.png>

LaTeX Warning: `!h' float specifier changed to `!ht'.

<Figures/CAD/Aircraft_Design_3-3.png, id=124, 614.295pt x 794.97pt>
File: Figures/CAD/Aircraft_Design_3-3.png Graphic file (type png)

<use Figures/CAD/Aircraft_Design_3-3.png>

LaTeX Warning: Float too large for page by 11.08958pt on input line 284.


LaTeX Warning: `!h' float specifier changed to `!ht'.

<Figures/CAD/iso.png, id=125, 1226.5825pt x 658.46pt>
File: Figures/CAD/iso.png Graphic file (type png)

<use Figures/CAD/iso.png>
<Figures/CAD/top.png, id=126, 1170.3725pt x 662.475pt>
File: Figures/CAD/top.png Graphic file (type png)

<use Figures/CAD/top.png>
<Figures/CAD/side.png, id=127, 1221.56375pt x 507.8975pt>
File: Figures/CAD/side.png Graphic file (type png)

<use Figures/CAD/side.png>
<Figures/CAD/front.png, id=128, 1210.5225pt x 255.95625pt>
File: Figures/CAD/front.png Graphic file (type png)

<use Figures/CAD/front.png>

LaTeX Warning: `!h' float specifier changed to `!ht'.

[21 <./Figures/PS3/power_consumption.png>]
Overfull \vbox (254.84303pt too high) has occurred while \output is active []


[22 <./Figures/PS2/SkynetV1_eig.png>]

LaTeX Warning: Text page 23 contains only floats.


Overfull \vbox (1.57495pt too high) has occurred while \output is active []


[23 <./Figures/PS2/SkynetV1_freq.png> <./Figures/PS2/SkynetV1_damp.png>]
[24] [25 <./Figures/CAD/Aircraft_Design_3-3.png>] [26 <./Figures/CAD/iso.png (P
NG copy)> <./Figures/CAD/top.png (PNG copy)> <./Figures/CAD/side.png (PNG copy)
> <./Figures/CAD/front.png (PNG copy)>] (./finalreport.aux (./mission.aux)) ) 
Here is how much of TeX's memory you used:
 2837 strings out of 495061
 42457 string characters out of 1182621
 106326 words of memory out of 3000000
 5952 multiletter control sequences out of 15000+50000
 22248 words of font info for 61 fonts, out of 3000000 for 9000
 28 hyphenation exceptions out of 8191
 36i,9n,38p,1038b,470s stack positions out of 5000i,500n,10000p,200000b,50000s
 <
/home/kasthana/.texmf-var/fonts/pk/ljfour/jknappen/ec/ecrm1000.600pk> </home/ka
sthana/.texmf-var/fonts/pk/ljfour/jknappen/ec/ecrm0900.600pk> </home/kasthana/.
texmf-var/fonts/pk/ljfour/jknappen/ec/ecrm0600.600pk> </home/kasthana/.texmf-va
r/fonts/pk/ljfour/jknappen/ec/ecrm0800.600pk> </home/kasthana/.texmf-var/fonts/
pk/ljfour/jknappen/ec/ecbx1200.600pk> </home/kasthana/.texmf-var/fonts/pk/ljfou
r/jknappen/ec/ecrm1095.600pk> </home/kasthana/.texmf-var/fonts/pk/ljfour/jknapp
en/ec/ecbx1095.600pk> </home/kasthana/.texmf-var/fonts/pk/ljfour/jknappen/ec/ec
bx1440.600pk> </home/kasthana/.texmf-var/fonts/pk/ljfour/jknappen/ec/ectt1200.6
00pk> </home/kasthana/.texmf-var/fonts/pk/ljfour/jknappen/ec/ecti1200.600pk> </
home/kasthana/.texmf-var/fonts/pk/ljfour/jknappen/ec/ecrm1200.600pk> </home/kas
thana/.texmf-var/fonts/pk/ljfour/jknappen/ec/eccc1440.600pk> </home/kasthana/.t
exmf-var/fonts/pk/ljfour/jknappen/ec/eccc1728.600pk></usr/share/texmf-texlive/f
onts/type1/public/amsfonts/cm/cmex10.pfb></usr/share/texmf-texlive/fonts/type1/
public/amsfonts/cm/cmmi10.pfb></usr/share/texmf-texlive/fonts/type1/public/amsf
onts/cm/cmmi6.pfb></usr/share/texmf-texlive/fonts/type1/public/amsfonts/cm/cmmi
8.pfb></usr/share/texmf-texlive/fonts/type1/public/amsfonts/cm/cmr10.pfb></usr/
share/texmf-texlive/fonts/type1/public/amsfonts/cm/cmr6.pfb></usr/share/texmf-t
exlive/fonts/type1/public/amsfonts/cm/cmr8.pfb></usr/share/texmf-texlive/fonts/
type1/public/amsfonts/cm/cmsy10.pfb></usr/share/texmf-texlive/fonts/type1/publi
c/amsfonts/cm/cmsy8.pfb></usr/share/texmf-texlive/fonts/type1/public/amsfonts/s
ymbols/msbm10.pfb>
Output written on finalreport.pdf (27 pages, 3066044 bytes).
PDF statistics:
 617 PDF objects out of 1000 (max. 8388607)
 0 named destinations out of 1000 (max. 500000)
 161 words of extra memory for PDF output out of 10000 (max. 10000000)

